# JRE version: OpenJDK Runtime Environment (17.0.6) (build 17.0.6+0-b2043.56-10027231)
# Java VM: OpenJDK 64-Bit Server VM (17.0.6+0-b2043.56-10027231, mixed mode, tiered, compressed oops, compressed class ptrs, g1 gc, windows-amd64)
GC Precious Log:
 CPUs: 8 total, 8 available
 Memory: 8012M
 Large Page Support: Disabled
 NUMA Support: Disabled
 Compressed Oops: Enabled (32-bit)
 Heap Region Size: 1M
 Heap Min Capacity: 8M
 Heap Initial Capacity: 126M
 Heap Max Capacity: 2G
 Pre-touch: Disabled
 Parallel Workers: 8
 Concurrent Workers: 2
 Concurrent Refinement Workers: 8
 Periodic GC: Disabled
Heap:
 garbage-first heap   total 414720K, used 279969K [0x0000000080000000, 0x0000000100000000)
  region size 1024K, 174 young (178176K), 27 survivors (27648K)
 Metaspace       used 116152K, committed 116864K, reserved 1155072K
  class space    used 16037K, committed 16384K, reserved 1048576K
GC Heap History (20 events):
Event: 52.595 GC heap before
{Heap before GC invocations=51 (full 0):
 garbage-first heap   total 155648K, used 76731K [0x0000000080000000, 0x0000000100000000)
  region size 1024K, 7 young (7168K), 6 survivors (6144K)
 Metaspace       used 88575K, committed 89216K, reserved 1130496K
  class space    used 12119K, committed 12416K, reserved 1048576K
}
Event: 52.603 GC heap after
{Heap after GC invocations=52 (full 0):
 garbage-first heap   total 155648K, used 75969K [0x0000000080000000, 0x0000000100000000)
  region size 1024K, 1 young (1024K), 1 survivors (1024K)
 Metaspace       used 88575K, committed 89216K, reserved 1130496K
  class space    used 12119K, committed 12416K, reserved 1048576K
}
Event: 54.466 GC heap before
{Heap before GC invocations=52 (full 0):
 garbage-first heap   total 155648K, used 124097K [0x0000000080000000, 0x0000000100000000)
  region size 1024K, 48 young (49152K), 1 survivors (1024K)
 Metaspace       used 93325K, committed 93952K, reserved 1130496K
  class space    used 12768K, committed 13056K, reserved 1048576K
}
Event: 54.493 GC heap after
{Heap after GC invocations=53 (full 0):
 garbage-first heap   total 155648K, used 79600K [0x0000000080000000, 0x0000000100000000)
  region size 1024K, 5 young (5120K), 5 survivors (5120K)
 Metaspace       used 93325K, committed 93952K, reserved 1130496K
  class space    used 12768K, committed 13056K, reserved 1048576K
}
Event: 55.475 GC heap before
{Heap before GC invocations=54 (full 0):
 garbage-first heap   total 155648K, used 124656K [0x0000000080000000, 0x0000000100000000)
  region size 1024K, 49 young (50176K), 5 survivors (5120K)
 Metaspace       used 93727K, committed 94400K, reserved 1130496K
  class space    used 12807K, committed 13120K, reserved 1048576K
}
Event: 55.493 GC heap after
{Heap after GC invocations=55 (full 0):
 garbage-first heap   total 155648K, used 86548K [0x0000000080000000, 0x0000000100000000)
  region size 1024K, 7 young (7168K), 7 survivors (7168K)
 Metaspace       used 93727K, committed 94400K, reserved 1130496K
  class space    used 12807K, committed 13120K, reserved 1048576K
}
Event: 55.518 GC heap before
{Heap before GC invocations=55 (full 0):
 garbage-first heap   total 155648K, used 87572K [0x0000000080000000, 0x0000000100000000)
  region size 1024K, 8 young (8192K), 7 survivors (7168K)
 Metaspace       used 93729K, committed 94400K, reserved 1130496K
  class space    used 12807K, committed 13120K, reserved 1048576K
}
Event: 55.546 GC heap after
{Heap after GC invocations=56 (full 0):
 garbage-first heap   total 155648K, used 87124K [0x0000000080000000, 0x0000000100000000)
  region size 1024K, 1 young (1024K), 1 survivors (1024K)
 Metaspace       used 93729K, committed 94400K, reserved 1130496K
  class space    used 12807K, committed 13120K, reserved 1048576K
}
Event: 63.547 GC heap before
{Heap before GC invocations=56 (full 0):
 garbage-first heap   total 155648K, used 125012K [0x0000000080000000, 0x0000000100000000)
  region size 1024K, 38 young (38912K), 1 survivors (1024K)
 Metaspace       used 95414K, committed 96064K, reserved 1138688K
  class space    used 13109K, committed 13440K, reserved 1048576K
}
Event: 63.565 GC heap after
{Heap after GC invocations=57 (full 0):
 garbage-first heap   total 155648K, used 92123K [0x0000000080000000, 0x0000000100000000)
  region size 1024K, 5 young (5120K), 5 survivors (5120K)
 Metaspace       used 95414K, committed 96064K, reserved 1138688K
  class space    used 13109K, committed 13440K, reserved 1048576K
}
Event: 69.854 GC heap before
{Heap before GC invocations=57 (full 0):
 garbage-first heap   total 155648K, used 121819K [0x0000000080000000, 0x0000000100000000)
  region size 1024K, 36 young (36864K), 5 survivors (5120K)
 Metaspace       used 95754K, committed 96448K, reserved 1138688K
  class space    used 13148K, committed 13440K, reserved 1048576K
}
Event: 69.875 GC heap after
{Heap after GC invocations=58 (full 0):
 garbage-first heap   total 155648K, used 94999K [0x0000000080000000, 0x0000000100000000)
  region size 1024K, 5 young (5120K), 5 survivors (5120K)
 Metaspace       used 95754K, committed 96448K, reserved 1138688K
  class space    used 13148K, committed 13440K, reserved 1048576K
}
Event: 71.130 GC heap before
{Heap before GC invocations=59 (full 0):
 garbage-first heap   total 163840K, used 126743K [0x0000000080000000, 0x0000000100000000)
  region size 1024K, 36 young (36864K), 5 survivors (5120K)
 Metaspace       used 97226K, committed 97920K, reserved 1138688K
  class space    used 13281K, committed 13632K, reserved 1048576K
}
Event: 71.139 GC heap after
{Heap after GC invocations=60 (full 0):
 garbage-first heap   total 163840K, used 96337K [0x0000000080000000, 0x0000000100000000)
  region size 1024K, 3 young (3072K), 3 survivors (3072K)
 Metaspace       used 97226K, committed 97920K, reserved 1138688K
  class space    used 13281K, committed 13632K, reserved 1048576K
}
Event: 71.256 GC heap before
{Heap before GC invocations=60 (full 0):
 garbage-first heap   total 163840K, used 100433K [0x0000000080000000, 0x0000000100000000)
  region size 1024K, 8 young (8192K), 3 survivors (3072K)
 Metaspace       used 97281K, committed 97984K, reserved 1138688K
  class space    used 13281K, committed 13632K, reserved 1048576K
}
Event: 71.262 GC heap after
{Heap after GC invocations=61 (full 0):
 garbage-first heap   total 163840K, used 95513K [0x0000000080000000, 0x0000000100000000)
  region size 1024K, 1 young (1024K), 1 survivors (1024K)
 Metaspace       used 97281K, committed 97984K, reserved 1138688K
  class space    used 13281K, committed 13632K, reserved 1048576K
}
Event: 72.853 GC heap before
{Heap before GC invocations=61 (full 0):
 garbage-first heap   total 163840K, used 133401K [0x0000000080000000, 0x0000000100000000)
  region size 1024K, 39 young (39936K), 1 survivors (1024K)
 Metaspace       used 98868K, committed 99584K, reserved 1138688K
  class space    used 13466K, committed 13824K, reserved 1048576K
}
Event: 72.871 GC heap after
{Heap after GC invocations=62 (full 0):
 garbage-first heap   total 414720K, used 99676K [0x0000000080000000, 0x0000000100000000)
  region size 1024K, 5 young (5120K), 5 survivors (5120K)
 Metaspace       used 98868K, committed 99584K, reserved 1138688K
  class space    used 13466K, committed 13824K, reserved 1048576K
}
Event: 82.032 GC heap before
{Heap before GC invocations=62 (full 0):
 garbage-first heap   total 414720K, used 310620K [0x0000000080000000, 0x0000000100000000)
  region size 1024K, 212 young (217088K), 5 survivors (5120K)
 Metaspace       used 111294K, committed 112000K, reserved 1146880K
  class space    used 15398K, committed 15744K, reserved 1048576K
}
Event: 82.128 GC heap after
{Heap after GC invocations=63 (full 0):
 garbage-first heap   total 414720K, used 130465K [0x0000000080000000, 0x0000000100000000)
  region size 1024K, 27 young (27648K), 27 survivors (27648K)
 Metaspace       used 111294K, committed 112000K, reserved 1146880K
  class space    used 15398K, committed 15744K, reserved 1048576K
}

